# JRE version: OpenJDK Runtime Environment (11.0.19+7) (build 11.0.19+7-post-Ubuntu-0ubuntu122.04.1)
# Java VM: OpenJDK 64-Bit Server VM (11.0.19+7-post-Ubuntu-0ubuntu122.04.1, mixed mode, sharing, tiered, compressed oops, g1 gc, linux-amd64)
Heap:
 garbage-first heap   total 102400K, used 80042K [0x0000000085000000, 0x0000000100000000)
  region size 1024K, 43 young (44032K), 3 survivors (3072K)
 Metaspace       used 72477K, capacity 75449K, committed 75728K, reserved 1114112K
  class space    used 9787K, capacity 10937K, committed 10964K, reserved 1048576K
GC Heap History (20 events):
Event: 3864.377 GC heap after
{Heap after GC invocations=40 (full 2):
 garbage-first heap   total 102400K, used 39894K [0x0000000085000000, 0x0000000100000000)
  region size 1024K, 4 young (4096K), 4 survivors (4096K)
 Metaspace       used 72252K, capacity 75207K, committed 75472K, reserved 1114112K
  class space    used 9754K, capacity 10855K, committed 10964K, reserved 1048576K
}
Event: 4357.294 GC heap before
{Heap before GC invocations=40 (full 2):
 garbage-first heap   total 102400K, used 82902K [0x0000000085000000, 0x0000000100000000)
  region size 1024K, 46 young (47104K), 4 survivors (4096K)
 Metaspace       used 72252K, capacity 75207K, committed 75472K, reserved 1114112K
  class space    used 9754K, capacity 10855K, committed 10964K, reserved 1048576K
}
Event: 4357.306 GC heap after
{Heap after GC invocations=41 (full 2):
 garbage-first heap   total 102400K, used 39588K [0x0000000085000000, 0x0000000100000000)
  region size 1024K, 3 young (3072K), 3 survivors (3072K)
 Metaspace       used 72252K, capacity 75207K, committed 75472K, reserved 1114112K
  class space    used 9754K, capacity 10855K, committed 10964K, reserved 1048576K
}
Event: 4875.560 GC heap before
{Heap before GC invocations=41 (full 2):
 garbage-first heap   total 102400K, used 84644K [0x0000000085000000, 0x0000000100000000)
  region size 1024K, 47 young (48128K), 3 survivors (3072K)
 Metaspace       used 72252K, capacity 75207K, committed 75472K, reserved 1114112K
  class space    used 9754K, capacity 10855K, committed 10964K, reserved 1048576K
}
Event: 4875.565 GC heap after
{Heap after GC invocations=42 (full 2):
 garbage-first heap   total 102400K, used 39617K [0x0000000085000000, 0x0000000100000000)
  region size 1024K, 3 young (3072K), 3 survivors (3072K)
 Metaspace       used 72252K, capacity 75207K, committed 75472K, reserved 1114112K
  class space    used 9754K, capacity 10855K, committed 10964K, reserved 1048576K
}
Event: 5398.243 GC heap before
{Heap before GC invocations=42 (full 2):
 garbage-first heap   total 102400K, used 84673K [0x0000000085000000, 0x0000000100000000)
  region size 1024K, 47 young (48128K), 3 survivors (3072K)
 Metaspace       used 72252K, capacity 75207K, committed 75472K, reserved 1114112K
  class space    used 9754K, capacity 10855K, committed 10964K, reserved 1048576K
}
Event: 5398.256 GC heap after
{Heap after GC invocations=43 (full 2):
 garbage-first heap   total 102400K, used 39617K [0x0000000085000000, 0x0000000100000000)
  region size 1024K, 3 young (3072K), 3 survivors (3072K)
 Metaspace       used 72252K, capacity 75207K, committed 75472K, reserved 1114112K
  class space    used 9754K, capacity 10855K, committed 10964K, reserved 1048576K
}
Event: 5904.242 GC heap before
{Heap before GC invocations=43 (full 2):
 garbage-first heap   total 102400K, used 84673K [0x0000000085000000, 0x0000000100000000)
  region size 1024K, 47 young (48128K), 3 survivors (3072K)
 Metaspace       used 72252K, capacity 75207K, committed 75472K, reserved 1114112K
  class space    used 9754K, capacity 10855K, committed 10964K, reserved 1048576K
}
Event: 5904.251 GC heap after
{Heap after GC invocations=44 (full 2):
 garbage-first heap   total 102400K, used 39560K [0x0000000085000000, 0x0000000100000000)
  region size 1024K, 3 young (3072K), 3 survivors (3072K)
 Metaspace       used 72252K, capacity 75207K, committed 75472K, reserved 1114112K
  class space    used 9754K, capacity 10855K, committed 10964K, reserved 1048576K
}
Event: 6422.631 GC heap before
{Heap before GC invocations=44 (full 2):
 garbage-first heap   total 102400K, used 84616K [0x0000000085000000, 0x0000000100000000)
  region size 1024K, 47 young (48128K), 3 survivors (3072K)
 Metaspace       used 72253K, capacity 75207K, committed 75472K, reserved 1114112K
  class space    used 9754K, capacity 10855K, committed 10964K, reserved 1048576K
}
Event: 6422.643 GC heap after
{Heap after GC invocations=45 (full 2):
 garbage-first heap   total 102400K, used 39441K [0x0000000085000000, 0x0000000100000000)
  region size 1024K, 3 young (3072K), 3 survivors (3072K)
 Metaspace       used 72253K, capacity 75207K, committed 75472K, reserved 1114112K
  class space    used 9754K, capacity 10855K, committed 10964K, reserved 1048576K
}
Event: 6920.337 GC heap before
{Heap before GC invocations=45 (full 2):
 garbage-first heap   total 102400K, used 83473K [0x0000000085000000, 0x0000000100000000)
  region size 1024K, 47 young (48128K), 3 survivors (3072K)
 Metaspace       used 72258K, capacity 75210K, committed 75472K, reserved 1114112K
  class space    used 9755K, capacity 10856K, committed 10964K, reserved 1048576K
}
Event: 6920.357 GC heap after
{Heap after GC invocations=46 (full 2):
 garbage-first heap   total 102400K, used 39454K [0x0000000085000000, 0x0000000100000000)
  region size 1024K, 3 young (3072K), 3 survivors (3072K)
 Metaspace       used 72258K, capacity 75210K, committed 75472K, reserved 1114112K
  class space    used 9755K, capacity 10856K, committed 10964K, reserved 1048576K
}
Event: 7368.083 GC heap before
{Heap before GC invocations=46 (full 2):
 garbage-first heap   total 102400K, used 83486K [0x0000000085000000, 0x0000000100000000)
  region size 1024K, 47 young (48128K), 3 survivors (3072K)
 Metaspace       used 72437K, capacity 75391K, committed 75472K, reserved 1114112K
  class space    used 9779K, capacity 10896K, committed 10964K, reserved 1048576K
}
Event: 7368.098 GC heap after
{Heap after GC invocations=47 (full 2):
 garbage-first heap   total 102400K, used 39865K [0x0000000085000000, 0x0000000100000000)
  region size 1024K, 3 young (3072K), 3 survivors (3072K)
 Metaspace       used 72437K, capacity 75391K, committed 75472K, reserved 1114112K
  class space    used 9779K, capacity 10896K, committed 10964K, reserved 1048576K
}
Event: 7878.330 GC heap before
{Heap before GC invocations=47 (full 2):
 garbage-first heap   total 102400K, used 84921K [0x0000000085000000, 0x0000000100000000)
  region size 1024K, 47 young (48128K), 3 survivors (3072K)
 Metaspace       used 72437K, capacity 75391K, committed 75472K, reserved 1114112K
  class space    used 9779K, capacity 10896K, committed 10964K, reserved 1048576K
}
Event: 7878.338 GC heap after
{Heap after GC invocations=48 (full 2):
 garbage-first heap   total 102400K, used 39769K [0x0000000085000000, 0x0000000100000000)
  region size 1024K, 3 young (3072K), 3 survivors (3072K)
 Metaspace       used 72437K, capacity 75391K, committed 75472K, reserved 1114112K
  class space    used 9779K, capacity 10896K, committed 10964K, reserved 1048576K
}
Event: 8376.353 GC heap before
{Heap before GC invocations=48 (full 2):
 garbage-first heap   total 102400K, used 84825K [0x0000000085000000, 0x0000000100000000)
  region size 1024K, 47 young (48128K), 3 survivors (3072K)
 Metaspace       used 72474K, capacity 75442K, committed 75472K, reserved 1114112K
  class space    used 9786K, capacity 10935K, committed 10964K, reserved 1048576K
}
Event: 8376.365 GC heap after
{Heap after GC invocations=49 (full 2):
 garbage-first heap   total 102400K, used 39623K [0x0000000085000000, 0x0000000100000000)
  region size 1024K, 3 young (3072K), 3 survivors (3072K)
 Metaspace       used 72474K, capacity 75442K, committed 75472K, reserved 1114112K
  class space    used 9786K, capacity 10935K, committed 10964K, reserved 1048576K
}
Event: 8811.074 GC heap before
{Heap before GC invocations=49 (full 2):
 garbage-first heap   total 102400K, used 79559K [0x0000000085000000, 0x0000000100000000)
  region size 1024K, 43 young (44032K), 3 survivors (3072K)
 Metaspace       used 72477K, capacity 75449K, committed 75728K, reserved 1114112K
  class space    used 9787K, capacity 10937K, committed 10964K, reserved 1048576K
}

